{"contracts/VotingPower.sol":{"l":{"152":16,"153":14,"154":14,"155":14,"156":14,"165":11,"174":11,"183":11,"184":11,"185":2,"187":9,"194":11,"203":12,"204":11,"205":11,"206":11,"207":11,"208":11,"209":11,"210":11,"218":8,"219":6,"220":4,"221":4,"222":4,"223":4,"224":4,"231":1,"237":3,"243":1},"path":"/Users/gares/Documents/OpenDefi/dao_code/VotingPower-Test/contracts/VotingPower.sol","s":{"1":16,"2":14,"3":14,"4":14,"5":14,"6":11,"7":11,"8":11,"9":11,"10":2,"11":9,"12":11,"13":12,"14":11,"15":11,"16":11,"17":11,"18":11,"19":11,"20":11,"21":8,"22":6,"23":4,"24":4,"25":4,"26":4,"27":4,"28":1,"29":3,"30":1},"b":{"1":[14,2],"2":[2,9],"3":[11,1],"4":[6,2],"5":[4,2]},"f":{"1":16,"2":11,"3":11,"4":11,"5":11,"6":12,"7":8,"8":1,"9":3,"10":1},"fnMap":{"1":{"name":"constructor","line":151,"loc":{"start":{"line":151,"column":4},"end":{"line":157,"column":4}}},"2":{"name":"votingPower","line":164,"loc":{"start":{"line":164,"column":4},"end":{"line":166,"column":4}}},"3":{"name":"_votingPowerStaked","line":173,"loc":{"start":{"line":173,"column":4},"end":{"line":175,"column":4}}},"4":{"name":"_votingPowerLocked","line":182,"loc":{"start":{"line":182,"column":4},"end":{"line":188,"column":4}}},"5":{"name":"_currentEpoch","line":193,"loc":{"start":{"line":193,"column":4},"end":{"line":195,"column":4}}},"6":{"name":"stake","line":202,"loc":{"start":{"line":202,"column":4},"end":{"line":211,"column":4}}},"7":{"name":"unstake","line":217,"loc":{"start":{"line":217,"column":4},"end":{"line":225,"column":4}}},"8":{"name":"totalStakedBy","line":230,"loc":{"start":{"line":230,"column":4},"end":{"line":232,"column":4}}},"9":{"name":"totalStaked","line":236,"loc":{"start":{"line":236,"column":4},"end":{"line":238,"column":4}}},"10":{"name":"token","line":242,"loc":{"start":{"line":242,"column":4},"end":{"line":244,"column":4}}}},"statementMap":{"1":{"start":{"line":152,"column":8},"end":{"line":152,"column":26}},"2":{"start":{"line":153,"column":8},"end":{"line":153,"column":30}},"3":{"start":{"line":154,"column":8},"end":{"line":154,"column":37}},"4":{"start":{"line":155,"column":8},"end":{"line":155,"column":36}},"5":{"start":{"line":156,"column":8},"end":{"line":156,"column":27}},"6":{"start":{"line":165,"column":8},"end":{"line":165,"column":64}},"7":{"start":{"line":174,"column":8},"end":{"line":174,"column":32}},"8":{"start":{"line":183,"column":8},"end":{"line":183,"column":39}},"9":{"start":{"line":184,"column":8},"end":{"line":184,"column":7329}},"10":{"start":{"line":185,"column":12},"end":{"line":185,"column":65}},"11":{"start":{"line":187,"column":8},"end":{"line":187,"column":104}},"12":{"start":{"line":194,"column":8},"end":{"line":194,"column":59}},"13":{"start":{"line":203,"column":8},"end":{"line":203,"column":44}},"14":{"start":{"line":204,"column":8},"end":{"line":204,"column":72}},"15":{"start":{"line":205,"column":8},"end":{"line":205,"column":66}},"16":{"start":{"line":206,"column":8},"end":{"line":206,"column":86}},"17":{"start":{"line":207,"column":8},"end":{"line":207,"column":72}},"18":{"start":{"line":208,"column":8},"end":{"line":208,"column":48}},"19":{"start":{"line":209,"column":8},"end":{"line":209,"column":46}},"20":{"start":{"line":210,"column":8},"end":{"line":210,"column":44}},"21":{"start":{"line":218,"column":8},"end":{"line":218,"column":46}},"22":{"start":{"line":219,"column":8},"end":{"line":219,"column":83}},"23":{"start":{"line":220,"column":8},"end":{"line":220,"column":47}},"24":{"start":{"line":221,"column":8},"end":{"line":221,"column":67}},"25":{"start":{"line":222,"column":8},"end":{"line":222,"column":43}},"26":{"start":{"line":223,"column":8},"end":{"line":223,"column":46}},"27":{"start":{"line":224,"column":8},"end":{"line":224,"column":41}},"28":{"start":{"line":231,"column":8},"end":{"line":231,"column":33}},"29":{"start":{"line":237,"column":8},"end":{"line":237,"column":27}},"30":{"start":{"line":243,"column":8},"end":{"line":243,"column":30}}},"branchMap":{"1":{"line":152,"type":"if","locations":[{"start":{"line":152,"column":8},"end":{"line":152,"column":8}},{"start":{"line":152,"column":8},"end":{"line":152,"column":8}}]},"2":{"line":184,"type":"if","locations":[{"start":{"line":184,"column":8},"end":{"line":184,"column":8}},{"start":{"line":184,"column":8},"end":{"line":184,"column":8}}]},"3":{"line":203,"type":"if","locations":[{"start":{"line":203,"column":8},"end":{"line":203,"column":8}},{"start":{"line":203,"column":8},"end":{"line":203,"column":8}}]},"4":{"line":218,"type":"if","locations":[{"start":{"line":218,"column":8},"end":{"line":218,"column":8}},{"start":{"line":218,"column":8},"end":{"line":218,"column":8}}]},"5":{"line":219,"type":"if","locations":[{"start":{"line":219,"column":8},"end":{"line":219,"column":8}},{"start":{"line":219,"column":8},"end":{"line":219,"column":8}}]}}}}