TN:
SF:/Users/gares/Documents/OpenDefi/dao_code/VotingPower-Test/contracts/VotingPower.sol
FN:151,constructor
FN:164,votingPower
FN:173,_votingPowerStaked
FN:182,_votingPowerLocked
FN:193,_currentEpoch
FN:202,stake
FN:217,unstake
FN:230,totalStakedBy
FN:236,totalStaked
FN:242,token
FNF:10
FNH:10
FNDA:16,constructor
FNDA:11,votingPower
FNDA:11,_votingPowerStaked
FNDA:11,_votingPowerLocked
FNDA:11,_currentEpoch
FNDA:12,stake
FNDA:8,unstake
FNDA:1,totalStakedBy
FNDA:3,totalStaked
FNDA:1,token
DA:152,16
DA:153,14
DA:154,14
DA:155,14
DA:156,14
DA:165,11
DA:174,11
DA:183,11
DA:184,11
DA:185,2
DA:187,9
DA:194,11
DA:203,12
DA:204,11
DA:205,11
DA:206,11
DA:207,11
DA:208,11
DA:209,11
DA:210,11
DA:218,8
DA:219,6
DA:220,4
DA:221,4
DA:222,4
DA:223,4
DA:224,4
DA:231,1
DA:237,3
DA:243,1
LF:30
LH:30
BRDA:152,1,0,14
BRDA:152,1,1,2
BRDA:184,2,0,2
BRDA:184,2,1,9
BRDA:203,3,0,11
BRDA:203,3,1,1
BRDA:218,4,0,6
BRDA:218,4,1,2
BRDA:219,5,0,4
BRDA:219,5,1,2
BRF:10
BRH:10
end_of_record
